<?xml version="1.0" encoding="UTF-8"?>
<testsuite name="hello.world.demo.flightclient.WebClientFlightClientTest" tests="1" skipped="0" failures="0" errors="0" timestamp="2022-06-27T18:50:30" hostname="Maxims-MacBook-Pro-3.fritz.box" time="2.212">
  <properties/>
  <testcase name="shouldRetrieveFlightsFromService()" classname="hello.world.demo.flightclient.WebClientFlightClientTest" time="2.212"/>
  <system-out><![CDATA[20:50:30.334 [Test worker] DEBUG reactor.util.Loggers - Using Slf4j logging framework
20:50:30.354 [Test worker] DEBUG io.netty.util.internal.logging.InternalLoggerFactory - Using SLF4J as the default logging framework
20:50:30.356 [Test worker] DEBUG io.netty.util.internal.PlatformDependent0 - -Dio.netty.noUnsafe: false
20:50:30.356 [Test worker] DEBUG io.netty.util.internal.PlatformDependent0 - Java version: 17
20:50:30.357 [Test worker] DEBUG io.netty.util.internal.PlatformDependent0 - sun.misc.Unsafe.theUnsafe: available
20:50:30.358 [Test worker] DEBUG io.netty.util.internal.PlatformDependent0 - sun.misc.Unsafe.copyMemory: available
20:50:30.358 [Test worker] DEBUG io.netty.util.internal.PlatformDependent0 - sun.misc.Unsafe.storeFence: available
20:50:30.359 [Test worker] DEBUG io.netty.util.internal.PlatformDependent0 - java.nio.Buffer.address: available
20:50:30.360 [Test worker] DEBUG io.netty.util.internal.PlatformDependent0 - direct buffer constructor: unavailable: Reflective setAccessible(true) disabled
20:50:30.360 [Test worker] DEBUG io.netty.util.internal.PlatformDependent0 - java.nio.Bits.unaligned: available, true
20:50:30.361 [Test worker] DEBUG io.netty.util.internal.PlatformDependent0 - jdk.internal.misc.Unsafe.allocateUninitializedArray(int): unavailable: class io.netty.util.internal.PlatformDependent0$7 cannot access class jdk.internal.misc.Unsafe (in module java.base) because module java.base does not export jdk.internal.misc to unnamed module @394df057
20:50:30.363 [Test worker] DEBUG io.netty.util.internal.PlatformDependent0 - java.nio.DirectByteBuffer.<init>(long, int): unavailable
20:50:30.363 [Test worker] DEBUG io.netty.util.internal.PlatformDependent - sun.misc.Unsafe: available
20:50:30.373 [Test worker] DEBUG io.netty.util.internal.PlatformDependent - maxDirectMemory: 536870912 bytes (maybe)
20:50:30.374 [Test worker] DEBUG io.netty.util.internal.PlatformDependent - -Dio.netty.tmpdir: /var/folders/h2/2yzd7_2n2nn7gvlmtj9vr_300000gn/T (java.io.tmpdir)
20:50:30.374 [Test worker] DEBUG io.netty.util.internal.PlatformDependent - -Dio.netty.bitMode: 64 (sun.arch.data.model)
20:50:30.374 [Test worker] DEBUG io.netty.util.internal.PlatformDependent - Platform: MacOS
20:50:30.374 [Test worker] DEBUG io.netty.util.internal.PlatformDependent - -Dio.netty.maxDirectMemory: -1 bytes
20:50:30.375 [Test worker] DEBUG io.netty.util.internal.PlatformDependent - -Dio.netty.uninitializedArrayAllocationThreshold: -1
20:50:30.375 [Test worker] DEBUG io.netty.util.internal.CleanerJava9 - java.nio.ByteBuffer.cleaner(): available
20:50:30.375 [Test worker] DEBUG io.netty.util.internal.PlatformDependent - -Dio.netty.noPreferDirect: false
20:50:30.405 [Test worker] DEBUG io.netty.util.internal.InternalThreadLocalMap - -Dio.netty.threadLocalMap.stringBuilder.initialSize: 1024
20:50:30.405 [Test worker] DEBUG io.netty.util.internal.InternalThreadLocalMap - -Dio.netty.threadLocalMap.stringBuilder.maxSize: 4096
20:50:30.436 [Test worker] DEBUG io.netty.util.ResourceLeakDetector - -Dio.netty.leakDetection.level: simple
20:50:30.436 [Test worker] DEBUG io.netty.util.ResourceLeakDetector - -Dio.netty.leakDetection.targetRecords: 4
20:50:30.873 [Test worker] DEBUG io.netty.util.NetUtil - -Djava.net.preferIPv4Stack: false
20:50:30.873 [Test worker] DEBUG io.netty.util.NetUtil - -Djava.net.preferIPv6Addresses: false
20:50:30.885 [Test worker] DEBUG io.netty.util.NetUtilInitializations - Loopback interface: lo0 (lo0, 0:0:0:0:0:0:0:1%lo0)
20:50:30.888 [Test worker] DEBUG io.netty.util.NetUtil - Failed to get SOMAXCONN from sysctl and file /proc/sys/net/core/somaxconn. Default: 128
20:50:30.920 [Test worker] DEBUG org.springframework.web.reactive.function.client.ExchangeFunctions - [3f3c7bdb] HTTP GET http://localhost:8080/flight
20:50:30.937 [Test worker] DEBUG reactor.netty.tcp.TcpResources - [http] resources will use the default LoopResources: DefaultLoopResources {prefix=reactor-http, daemon=true, selectCount=8, workerCount=8}
20:50:30.937 [Test worker] DEBUG reactor.netty.tcp.TcpResources - [http] resources will use the default ConnectionProvider: reactor.netty.resources.DefaultPooledConnectionProvider@411291e5
20:50:30.940 [Test worker] DEBUG reactor.netty.resources.DefaultLoopIOUring - Default io_uring support : false
20:50:30.955 [Test worker] DEBUG reactor.netty.resources.DefaultLoopEpoll - Default Epoll support : false
20:50:30.956 [Test worker] DEBUG reactor.netty.resources.DefaultLoopKQueue - Default KQueue support : false
20:50:30.964 [Test worker] DEBUG io.netty.channel.MultithreadEventLoopGroup - -Dio.netty.eventLoopThreads: 16
20:50:30.997 [Test worker] DEBUG io.netty.channel.nio.NioEventLoop - -Dio.netty.noKeySetOptimization: false
20:50:30.997 [Test worker] DEBUG io.netty.channel.nio.NioEventLoop - -Dio.netty.selectorAutoRebuildThreshold: 512
20:50:31.012 [Test worker] DEBUG io.netty.util.internal.PlatformDependent - org.jctools-core.MpscChunkedArrayQueue: available
20:50:31.067 [Test worker] DEBUG io.netty.resolver.DefaultHostsFileEntriesResolver - -Dio.netty.hostsFileRefreshInterval: 0
20:50:31.078 [Test worker] DEBUG io.netty.util.internal.NativeLibraryLoader - -Dio.netty.native.workdir: /var/folders/h2/2yzd7_2n2nn7gvlmtj9vr_300000gn/T (io.netty.tmpdir)
20:50:31.079 [Test worker] DEBUG io.netty.util.internal.NativeLibraryLoader - -Dio.netty.native.deleteLibAfterLoading: true
20:50:31.079 [Test worker] DEBUG io.netty.util.internal.NativeLibraryLoader - -Dio.netty.native.tryPatchShadedId: true
20:50:31.080 [Test worker] DEBUG io.netty.util.internal.NativeLibraryLoader - -Dio.netty.native.detectNativeLibraryDuplicates: true
20:50:31.318 [Test worker] DEBUG io.netty.util.internal.NativeLibraryLoader - Successfully loaded the library /var/folders/h2/2yzd7_2n2nn7gvlmtj9vr_300000gn/T/libnetty_resolver_dns_native_macos_x86_6411036095898278879207.dylib
20:50:31.324 [Test worker] DEBUG io.netty.resolver.dns.DnsServerAddressStreamProviders - io.netty.resolver.dns.macos.MacOSDnsServerAddressStreamProvider: available
20:50:31.331 [Test worker] DEBUG reactor.netty.resources.PooledConnectionProvider - Creating a new [http] client pool [PoolFactory{evictionInterval=PT0S, leasingStrategy=fifo, maxConnections=500, maxIdleTime=-1, maxLifeTime=-1, metricsEnabled=false, pendingAcquireMaxCount=1000, pendingAcquireTimeout=45000}] for [localhost/<unresolved>:8080]
20:50:31.495 [Test worker] DEBUG io.netty.channel.DefaultChannelId - -Dio.netty.processId: 5508 (auto-detected)
20:50:31.504 [Test worker] DEBUG io.netty.channel.DefaultChannelId - -Dio.netty.machineId: 00:e0:4c:ff:fe:68:0a:12 (auto-detected)
20:50:31.548 [Test worker] DEBUG io.netty.buffer.PooledByteBufAllocator - -Dio.netty.allocator.numHeapArenas: 16
20:50:31.548 [Test worker] DEBUG io.netty.buffer.PooledByteBufAllocator - -Dio.netty.allocator.numDirectArenas: 16
20:50:31.548 [Test worker] DEBUG io.netty.buffer.PooledByteBufAllocator - -Dio.netty.allocator.pageSize: 8192
20:50:31.548 [Test worker] DEBUG io.netty.buffer.PooledByteBufAllocator - -Dio.netty.allocator.maxOrder: 9
20:50:31.548 [Test worker] DEBUG io.netty.buffer.PooledByteBufAllocator - -Dio.netty.allocator.chunkSize: 4194304
20:50:31.548 [Test worker] DEBUG io.netty.buffer.PooledByteBufAllocator - -Dio.netty.allocator.smallCacheSize: 256
20:50:31.549 [Test worker] DEBUG io.netty.buffer.PooledByteBufAllocator - -Dio.netty.allocator.normalCacheSize: 64
20:50:31.549 [Test worker] DEBUG io.netty.buffer.PooledByteBufAllocator - -Dio.netty.allocator.maxCachedBufferCapacity: 32768
20:50:31.549 [Test worker] DEBUG io.netty.buffer.PooledByteBufAllocator - -Dio.netty.allocator.cacheTrimInterval: 8192
20:50:31.549 [Test worker] DEBUG io.netty.buffer.PooledByteBufAllocator - -Dio.netty.allocator.cacheTrimIntervalMillis: 0
20:50:31.550 [Test worker] DEBUG io.netty.buffer.PooledByteBufAllocator - -Dio.netty.allocator.useCacheForAllThreads: false
20:50:31.550 [Test worker] DEBUG io.netty.buffer.PooledByteBufAllocator - -Dio.netty.allocator.maxCachedByteBuffersPerChunk: 1023
20:50:31.571 [Test worker] DEBUG io.netty.buffer.ByteBufUtil - -Dio.netty.allocator.type: pooled
20:50:31.571 [Test worker] DEBUG io.netty.buffer.ByteBufUtil - -Dio.netty.threadLocalDirectBufferSize: 0
20:50:31.571 [Test worker] DEBUG io.netty.buffer.ByteBufUtil - -Dio.netty.maxThreadLocalCharBufferSize: 16384
20:50:31.595 [reactor-http-nio-2] DEBUG reactor.netty.resources.PooledConnectionProvider - [d03abe3f] Created a new pooled channel, now: 0 active connections, 0 inactive connections and 0 pending acquire requests.
20:50:31.652 [reactor-http-nio-2] DEBUG io.netty.buffer.AbstractByteBuf - -Dio.netty.buffer.checkAccessible: true
20:50:31.652 [reactor-http-nio-2] DEBUG io.netty.buffer.AbstractByteBuf - -Dio.netty.buffer.checkBounds: true
20:50:31.654 [reactor-http-nio-2] DEBUG io.netty.util.ResourceLeakDetectorFactory - Loaded default ResourceLeakDetector: io.netty.util.ResourceLeakDetector@5b0acafb
20:50:31.662 [reactor-http-nio-2] DEBUG reactor.netty.transport.TransportConfig - [d03abe3f] Initialized pipeline DefaultChannelPipeline{(reactor.left.httpCodec = io.netty.handler.codec.http.HttpClientCodec), (reactor.left.httpDecompressor = io.netty.handler.codec.http.HttpContentDecompressor), (reactor.right.reactiveBridge = reactor.netty.channel.ChannelOperationsHandler)}
20:50:31.699 [reactor-http-nio-2] DEBUG reactor.netty.transport.TransportConnector - [d03abe3f] Connecting to [localhost/127.0.0.1:8080].
20:50:31.703 [reactor-http-nio-2] DEBUG reactor.netty.resources.DefaultPooledConnectionProvider - [d03abe3f, L:/127.0.0.1:57320 - R:localhost/127.0.0.1:8080] Registering pool release on close event for channel
20:50:31.704 [reactor-http-nio-2] DEBUG reactor.netty.resources.PooledConnectionProvider - [d03abe3f, L:/127.0.0.1:57320 - R:localhost/127.0.0.1:8080] Channel connected, now: 1 active connections, 0 inactive connections and 0 pending acquire requests.
20:50:31.704 [reactor-http-nio-2] DEBUG reactor.netty.resources.DefaultPooledConnectionProvider - [d03abe3f, L:/127.0.0.1:57320 - R:localhost/127.0.0.1:8080] onStateChange(PooledConnection{channel=[id: 0xd03abe3f, L:/127.0.0.1:57320 - R:localhost/127.0.0.1:8080]}, [connected])
20:50:31.712 [reactor-http-nio-2] DEBUG reactor.netty.resources.DefaultPooledConnectionProvider - [d03abe3f-1, L:/127.0.0.1:57320 - R:localhost/127.0.0.1:8080] onStateChange(GET{uri=/, connection=PooledConnection{channel=[id: 0xd03abe3f, L:/127.0.0.1:57320 - R:localhost/127.0.0.1:8080]}}, [configured])
20:50:31.713 [reactor-http-nio-2] DEBUG reactor.netty.http.client.HttpClientConnect - [d03abe3f-1, L:/127.0.0.1:57320 - R:localhost/127.0.0.1:8080] Handler is being applied: {uri=http://localhost:8080/flight, method=GET}
20:50:31.715 [reactor-http-nio-2] DEBUG reactor.netty.resources.DefaultPooledConnectionProvider - [d03abe3f-1, L:/127.0.0.1:57320 - R:localhost/127.0.0.1:8080] onStateChange(GET{uri=/flight, connection=PooledConnection{channel=[id: 0xd03abe3f, L:/127.0.0.1:57320 - R:localhost/127.0.0.1:8080]}}, [request_prepared])
20:50:31.726 [reactor-http-nio-2] DEBUG io.netty.util.Recycler - -Dio.netty.recycler.maxCapacityPerThread: 4096
20:50:31.726 [reactor-http-nio-2] DEBUG io.netty.util.Recycler - -Dio.netty.recycler.ratio: 8
20:50:31.726 [reactor-http-nio-2] DEBUG io.netty.util.Recycler - -Dio.netty.recycler.chunkSize: 32
20:50:31.726 [reactor-http-nio-2] DEBUG io.netty.util.Recycler - -Dio.netty.recycler.blocking: false
20:50:31.738 [reactor-http-nio-2] DEBUG reactor.netty.resources.DefaultPooledConnectionProvider - [d03abe3f-1, L:/127.0.0.1:57320 - R:localhost/127.0.0.1:8080] onStateChange(GET{uri=/flight, connection=PooledConnection{channel=[id: 0xd03abe3f, L:/127.0.0.1:57320 - R:localhost/127.0.0.1:8080]}}, [request_sent])
20:50:32.438 [reactor-http-nio-2] DEBUG io.netty.handler.codec.compression.Brotli - brotli4j not in the classpath; Brotli support will be unavailable.
20:50:32.445 [reactor-http-nio-2] DEBUG reactor.netty.http.client.HttpClientOperations - [d03abe3f-1, L:/127.0.0.1:57320 - R:localhost/127.0.0.1:8080] Received response (auto-read:false) : [Content-Type=application/json, Transfer-Encoding=chunked, Date=Mon, 27 Jun 2022 18:50:32 GMT]
20:50:32.445 [reactor-http-nio-2] DEBUG reactor.netty.resources.DefaultPooledConnectionProvider - [d03abe3f-1, L:/127.0.0.1:57320 - R:localhost/127.0.0.1:8080] onStateChange(GET{uri=/flight, connection=PooledConnection{channel=[id: 0xd03abe3f, L:/127.0.0.1:57320 - R:localhost/127.0.0.1:8080]}}, [response_received])
20:50:32.453 [reactor-http-nio-2] DEBUG org.springframework.web.reactive.function.client.ExchangeFunctions - [3f3c7bdb] [d03abe3f-1, L:/127.0.0.1:57320 - R:localhost/127.0.0.1:8080] Response 200 OK
20:50:32.619 [reactor-http-nio-2] DEBUG reactor.netty.channel.FluxReceive - [d03abe3f-1, L:/127.0.0.1:57320 - R:localhost/127.0.0.1:8080] FluxReceive{pending=0, cancelled=false, inboundDone=false, inboundError=null}: subscribing inbound receiver
20:50:32.661 [reactor-http-nio-2] DEBUG org.springframework.http.codec.json.Jackson2JsonDecoder - [3f3c7bdb] [d03abe3f-1, L:/127.0.0.1:57320 - R:localhost/127.0.0.1:8080] Decoded [Flight{id=1, departure='Munich', destination='Frankfurt', date=2022-08-12, departureTime=12:30, dest (truncated)...]
20:50:32.663 [reactor-http-nio-2] DEBUG org.springframework.http.codec.json.Jackson2JsonDecoder - [3f3c7bdb] [d03abe3f-1, L:/127.0.0.1:57320 - R:localhost/127.0.0.1:8080] Decoded [Flight{id=2, departure='Munich', destination='Berlin', date=2022-08-12, departureTime=14:30, destina (truncated)...]
20:50:32.664 [reactor-http-nio-2] DEBUG org.springframework.http.codec.json.Jackson2JsonDecoder - [3f3c7bdb] [d03abe3f-1, L:/127.0.0.1:57320 - R:localhost/127.0.0.1:8080] Decoded [Flight{id=3, departure='Frankfurt', destination='Barcelona', date=2022-08-13, departureTime=11:30, d (truncated)...]
20:50:32.665 [reactor-http-nio-2] DEBUG org.springframework.http.codec.json.Jackson2JsonDecoder - [3f3c7bdb] [d03abe3f-1, L:/127.0.0.1:57320 - R:localhost/127.0.0.1:8080] Decoded [Flight{id=4, departure='Yetang', destination='Guihuaquan', date=2016-06-22, departureTime=10:12, des (truncated)...]
20:50:32.666 [reactor-http-nio-2] DEBUG org.springframework.http.codec.json.Jackson2JsonDecoder - [3f3c7bdb] [d03abe3f-1, L:/127.0.0.1:57320 - R:localhost/127.0.0.1:8080] Decoded [Flight{id=8, departure='Barcelona', destination='Parral', date=2026-10-21, departureTime=05:09, dest (truncated)...]
20:50:32.667 [reactor-http-nio-2] DEBUG org.springframework.http.codec.json.Jackson2JsonDecoder - [3f3c7bdb] [d03abe3f-1, L:/127.0.0.1:57320 - R:localhost/127.0.0.1:8080] Decoded [Flight{id=38, departure='Galis Dua', destination='Sadar', date=2014-07-22, departureTime=06:35, dest (truncated)...]
20:50:32.669 [reactor-http-nio-2] DEBUG org.springframework.http.codec.json.Jackson2JsonDecoder - [3f3c7bdb] [d03abe3f-1, L:/127.0.0.1:57320 - R:localhost/127.0.0.1:8080] Decoded [Flight{id=87, departure='Munich', destination='Varnvas', date=2029-01-22, departureTime=01:43, desti (truncated)...]
20:50:32.671 [reactor-http-nio-2] DEBUG org.springframework.http.codec.json.Jackson2JsonDecoder - [3f3c7bdb] [d03abe3f-1, L:/127.0.0.1:57320 - R:localhost/127.0.0.1:8080] Decoded [Flight{id=126, departure='Entradas', destination='Sanshandao', date=2028-09-22, departureTime=07:07, (truncated)...]
20:50:32.672 [reactor-http-nio-2] DEBUG org.springframework.http.codec.json.Jackson2JsonDecoder - [3f3c7bdb] [d03abe3f-1, L:/127.0.0.1:57320 - R:localhost/127.0.0.1:8080] Decoded [Flight{id=280, departure='Gadingrejo', destination='Ebebiyin', date=2028-03-22, departureTime=01:48, (truncated)...]
20:50:32.673 [reactor-http-nio-2] DEBUG org.springframework.http.codec.json.Jackson2JsonDecoder - [3f3c7bdb] [d03abe3f-1, L:/127.0.0.1:57320 - R:localhost/127.0.0.1:8080] Decoded [Flight{id=389, departure='Hamburg', destination='Kuybyshevo', date=2012-10-22, departureTime=06:58:1 (truncated)...]
20:50:32.677 [reactor-http-nio-2] DEBUG org.springframework.http.codec.json.Jackson2JsonDecoder - [3f3c7bdb] [d03abe3f-1, L:/127.0.0.1:57320 - R:localhost/127.0.0.1:8080] Decoded [Flight{id=1644, departure='Sibiti', destination='Arsenal', date=2026-04-22, departureTime=11:15, des (truncated)...]
20:50:32.678 [reactor-http-nio-2] DEBUG org.springframework.http.codec.json.Jackson2JsonDecoder - [3f3c7bdb] [d03abe3f-1, L:/127.0.0.1:57320 - R:localhost/127.0.0.1:8080] Decoded [Flight{id=3839, departure='Pangpang', destination='Cherryville', date=2027-07-21, departureTime=11:1 (truncated)...]
20:50:32.679 [reactor-http-nio-2] DEBUG org.springframework.http.codec.json.Jackson2JsonDecoder - [3f3c7bdb] [d03abe3f-1, L:/127.0.0.1:57320 - R:localhost/127.0.0.1:8080] Decoded [Flight{id=4583, departure='Paris', destination='Tarvasjoki', date=2020-08-21, departureTime=04:12, d (truncated)...]
20:50:32.679 [reactor-http-nio-2] DEBUG org.springframework.http.codec.json.Jackson2JsonDecoder - [3f3c7bdb] [d03abe3f-1, L:/127.0.0.1:57320 - R:localhost/127.0.0.1:8080] Decoded [Flight{id=5457, departure='Carapelhos', destination='Santa Marcela', date=2021-08-22, departureTime= (truncated)...]
20:50:32.680 [reactor-http-nio-2] DEBUG org.springframework.http.codec.json.Jackson2JsonDecoder - [3f3c7bdb] [d03abe3f-1, L:/127.0.0.1:57320 - R:localhost/127.0.0.1:8080] Decoded [Flight{id=8972, departure='Bugembe', destination='Goiana', date=2006-06-22, departureTime=08:42:58,  (truncated)...]
20:50:32.687 [reactor-http-nio-2] DEBUG org.springframework.http.codec.json.Jackson2JsonDecoder - [3f3c7bdb] [d03abe3f-1, L:/127.0.0.1:57320 - R:localhost/127.0.0.1:8080] Decoded [Flight{id=12221, departure='Munich', destination='Voronezh', date=2022-08-16, departureTime=12:00, d (truncated)...]
20:50:32.688 [reactor-http-nio-2] DEBUG org.springframework.http.codec.json.Jackson2JsonDecoder - [3f3c7bdb] [d03abe3f-1, L:/127.0.0.1:57320 - R:localhost/127.0.0.1:8080] Decoded [Flight{id=18485, departure='Xinghai', destination='Virden', date=2006-10-21, departureTime=05:54, de (truncated)...]
20:50:32.689 [reactor-http-nio-2] DEBUG org.springframework.http.codec.json.Jackson2JsonDecoder - [3f3c7bdb] [d03abe3f-1, L:/127.0.0.1:57320 - R:localhost/127.0.0.1:8080] Decoded [Flight{id=23909, departure='Bijia', destination='Keffin Hausa', date=2003-09-21, departureTime=11:29 (truncated)...]
20:50:32.690 [reactor-http-nio-2] DEBUG org.springframework.http.codec.json.Jackson2JsonDecoder - [3f3c7bdb] [d03abe3f-1, L:/127.0.0.1:57320 - R:localhost/127.0.0.1:8080] Decoded [Flight{id=38070, departure='Arue', destination='Bejing', date=2028-05-22, departureTime=06:04, desti (truncated)...]
20:50:32.691 [reactor-http-nio-2] DEBUG org.springframework.http.codec.json.Jackson2JsonDecoder - [3f3c7bdb] [d03abe3f-1, L:/127.0.0.1:57320 - R:localhost/127.0.0.1:8080] Decoded [Flight{id=39565, departure='Zhaxirabdain', destination='Shunde', date=2028-12-21, departureTime=06:0 (truncated)...]
20:50:32.691 [reactor-http-nio-2] DEBUG org.springframework.http.codec.json.Jackson2JsonDecoder - [3f3c7bdb] [d03abe3f-1, L:/127.0.0.1:57320 - R:localhost/127.0.0.1:8080] Decoded [Flight{id=47206, departure='Fukushima', destination='Gamovo', date=2018-04-22, departureTime=06:18,  (truncated)...]
20:50:32.692 [reactor-http-nio-2] DEBUG org.springframework.http.codec.json.Jackson2JsonDecoder - [3f3c7bdb] [d03abe3f-1, L:/127.0.0.1:57320 - R:localhost/127.0.0.1:8080] Decoded [Flight{id=49822, departure='Almati', destination='Madang', date=2022-01-22, departureTime=09:41:22,  (truncated)...]
20:50:32.693 [reactor-http-nio-2] DEBUG org.springframework.http.codec.json.Jackson2JsonDecoder - [3f3c7bdb] [d03abe3f-1, L:/127.0.0.1:57320 - R:localhost/127.0.0.1:8080] Decoded [Flight{id=68893, departure='Berlin', destination='Delft', date=2022-04-22, departureTime=01:10, dest (truncated)...]
20:50:32.693 [reactor-http-nio-2] DEBUG org.springframework.http.codec.json.Jackson2JsonDecoder - [3f3c7bdb] [d03abe3f-1, L:/127.0.0.1:57320 - R:localhost/127.0.0.1:8080] Decoded [Flight{id=98997, departure='Dengtang', destination='Madrid', date=2021-08-22, departureTime=09:54, d (truncated)...]
20:50:32.694 [reactor-http-nio-2] DEBUG reactor.netty.http.client.HttpClientOperations - [d03abe3f-1, L:/127.0.0.1:57320 - R:localhost/127.0.0.1:8080] Received last HTTP packet
20:50:32.696 [reactor-http-nio-2] DEBUG reactor.netty.resources.DefaultPooledConnectionProvider - [d03abe3f, L:/127.0.0.1:57320 - R:localhost/127.0.0.1:8080] onStateChange(GET{uri=/flight, connection=PooledConnection{channel=[id: 0xd03abe3f, L:/127.0.0.1:57320 - R:localhost/127.0.0.1:8080]}}, [response_completed])
20:50:32.697 [reactor-http-nio-2] DEBUG reactor.netty.resources.DefaultPooledConnectionProvider - [d03abe3f, L:/127.0.0.1:57320 - R:localhost/127.0.0.1:8080] onStateChange(GET{uri=/flight, connection=PooledConnection{channel=[id: 0xd03abe3f, L:/127.0.0.1:57320 - R:localhost/127.0.0.1:8080]}}, [disconnecting])
20:50:32.697 [reactor-http-nio-2] DEBUG reactor.netty.resources.DefaultPooledConnectionProvider - [d03abe3f, L:/127.0.0.1:57320 - R:localhost/127.0.0.1:8080] Releasing channel
20:50:32.698 [Test worker] DEBUG org.springframework.web.reactive.function.client.ExchangeFunctions - [34a0ef00] HTTP GET http://localhost:8080/flight
20:50:32.700 [reactor-http-nio-3] DEBUG reactor.netty.resources.PooledConnectionProvider - [0b4d29e3] Created a new pooled channel, now: 1 active connections, 0 inactive connections and 0 pending acquire requests.
20:50:32.702 [reactor-http-nio-2] DEBUG reactor.netty.resources.PooledConnectionProvider - [d03abe3f, L:/127.0.0.1:57320 - R:localhost/127.0.0.1:8080] Channel cleaned, now: 0 active connections, 1 inactive connections and 0 pending acquire requests.
20:50:32.702 [reactor-http-nio-3] DEBUG reactor.netty.transport.TransportConfig - [0b4d29e3] Initialized pipeline DefaultChannelPipeline{(reactor.left.httpCodec = io.netty.handler.codec.http.HttpClientCodec), (reactor.left.httpDecompressor = io.netty.handler.codec.http.HttpContentDecompressor), (reactor.right.reactiveBridge = reactor.netty.channel.ChannelOperationsHandler)}
20:50:32.705 [reactor-http-nio-3] DEBUG reactor.netty.transport.TransportConnector - [0b4d29e3] Connecting to [localhost/127.0.0.1:8080].
20:50:32.706 [reactor-http-nio-3] DEBUG reactor.netty.resources.DefaultPooledConnectionProvider - [0b4d29e3, L:/127.0.0.1:57325 - R:localhost/127.0.0.1:8080] Registering pool release on close event for channel
20:50:32.707 [reactor-http-nio-3] DEBUG reactor.netty.resources.PooledConnectionProvider - [0b4d29e3, L:/127.0.0.1:57325 - R:localhost/127.0.0.1:8080] Channel connected, now: 1 active connections, 1 inactive connections and 0 pending acquire requests.
20:50:32.707 [reactor-http-nio-3] DEBUG reactor.netty.resources.DefaultPooledConnectionProvider - [0b4d29e3, L:/127.0.0.1:57325 - R:localhost/127.0.0.1:8080] onStateChange(PooledConnection{channel=[id: 0x0b4d29e3, L:/127.0.0.1:57325 - R:localhost/127.0.0.1:8080]}, [connected])
20:50:32.707 [reactor-http-nio-3] DEBUG reactor.netty.resources.DefaultPooledConnectionProvider - [0b4d29e3-1, L:/127.0.0.1:57325 - R:localhost/127.0.0.1:8080] onStateChange(GET{uri=/, connection=PooledConnection{channel=[id: 0x0b4d29e3, L:/127.0.0.1:57325 - R:localhost/127.0.0.1:8080]}}, [configured])
20:50:32.707 [reactor-http-nio-3] DEBUG reactor.netty.http.client.HttpClientConnect - [0b4d29e3-1, L:/127.0.0.1:57325 - R:localhost/127.0.0.1:8080] Handler is being applied: {uri=http://localhost:8080/flight, method=GET}
20:50:32.708 [reactor-http-nio-3] DEBUG reactor.netty.resources.DefaultPooledConnectionProvider - [0b4d29e3-1, L:/127.0.0.1:57325 - R:localhost/127.0.0.1:8080] onStateChange(GET{uri=/flight, connection=PooledConnection{channel=[id: 0x0b4d29e3, L:/127.0.0.1:57325 - R:localhost/127.0.0.1:8080]}}, [request_prepared])
20:50:32.716 [reactor-http-nio-3] DEBUG reactor.netty.resources.DefaultPooledConnectionProvider - [0b4d29e3-1, L:/127.0.0.1:57325 - R:localhost/127.0.0.1:8080] onStateChange(GET{uri=/flight, connection=PooledConnection{channel=[id: 0x0b4d29e3, L:/127.0.0.1:57325 - R:localhost/127.0.0.1:8080]}}, [request_sent])
20:50:32.880 [reactor-http-nio-3] DEBUG reactor.netty.http.client.HttpClientOperations - [0b4d29e3-1, L:/127.0.0.1:57325 - R:localhost/127.0.0.1:8080] Received response (auto-read:false) : [Content-Type=application/json, Transfer-Encoding=chunked, Date=Mon, 27 Jun 2022 18:50:32 GMT]
20:50:32.880 [reactor-http-nio-3] DEBUG reactor.netty.resources.DefaultPooledConnectionProvider - [0b4d29e3-1, L:/127.0.0.1:57325 - R:localhost/127.0.0.1:8080] onStateChange(GET{uri=/flight, connection=PooledConnection{channel=[id: 0x0b4d29e3, L:/127.0.0.1:57325 - R:localhost/127.0.0.1:8080]}}, [response_received])
20:50:32.881 [reactor-http-nio-3] DEBUG org.springframework.web.reactive.function.client.ExchangeFunctions - [34a0ef00] [0b4d29e3-1, L:/127.0.0.1:57325 - R:localhost/127.0.0.1:8080] Response 200 OK
20:50:32.881 [reactor-http-nio-3] DEBUG reactor.netty.channel.FluxReceive - [0b4d29e3-1, L:/127.0.0.1:57325 - R:localhost/127.0.0.1:8080] FluxReceive{pending=0, cancelled=false, inboundDone=false, inboundError=null}: subscribing inbound receiver
20:50:32.883 [reactor-http-nio-3] DEBUG org.springframework.http.codec.json.Jackson2JsonDecoder - [34a0ef00] [0b4d29e3-1, L:/127.0.0.1:57325 - R:localhost/127.0.0.1:8080] Decoded [Flight{id=1, departure='Munich', destination='Frankfurt', date=2022-08-12, departureTime=12:30, dest (truncated)...]
20:50:32.883 [reactor-http-nio-3] DEBUG org.springframework.http.codec.json.Jackson2JsonDecoder - [34a0ef00] [0b4d29e3-1, L:/127.0.0.1:57325 - R:localhost/127.0.0.1:8080] Decoded [Flight{id=2, departure='Munich', destination='Berlin', date=2022-08-12, departureTime=14:30, destina (truncated)...]
20:50:32.883 [reactor-http-nio-3] DEBUG org.springframework.http.codec.json.Jackson2JsonDecoder - [34a0ef00] [0b4d29e3-1, L:/127.0.0.1:57325 - R:localhost/127.0.0.1:8080] Decoded [Flight{id=3, departure='Frankfurt', destination='Barcelona', date=2022-08-13, departureTime=11:30, d (truncated)...]
20:50:32.884 [reactor-http-nio-3] DEBUG org.springframework.http.codec.json.Jackson2JsonDecoder - [34a0ef00] [0b4d29e3-1, L:/127.0.0.1:57325 - R:localhost/127.0.0.1:8080] Decoded [Flight{id=4, departure='Yetang', destination='Guihuaquan', date=2016-06-22, departureTime=10:12, des (truncated)...]
20:50:32.884 [reactor-http-nio-3] DEBUG org.springframework.http.codec.json.Jackson2JsonDecoder - [34a0ef00] [0b4d29e3-1, L:/127.0.0.1:57325 - R:localhost/127.0.0.1:8080] Decoded [Flight{id=8, departure='Barcelona', destination='Parral', date=2026-10-21, departureTime=05:09, dest (truncated)...]
20:50:32.885 [reactor-http-nio-3] DEBUG org.springframework.http.codec.json.Jackson2JsonDecoder - [34a0ef00] [0b4d29e3-1, L:/127.0.0.1:57325 - R:localhost/127.0.0.1:8080] Decoded [Flight{id=38, departure='Galis Dua', destination='Sadar', date=2014-07-22, departureTime=06:35, dest (truncated)...]
20:50:32.885 [reactor-http-nio-3] DEBUG org.springframework.http.codec.json.Jackson2JsonDecoder - [34a0ef00] [0b4d29e3-1, L:/127.0.0.1:57325 - R:localhost/127.0.0.1:8080] Decoded [Flight{id=87, departure='Munich', destination='Varnvas', date=2029-01-22, departureTime=01:43, desti (truncated)...]
20:50:32.886 [reactor-http-nio-3] DEBUG org.springframework.http.codec.json.Jackson2JsonDecoder - [34a0ef00] [0b4d29e3-1, L:/127.0.0.1:57325 - R:localhost/127.0.0.1:8080] Decoded [Flight{id=126, departure='Entradas', destination='Sanshandao', date=2028-09-22, departureTime=07:07, (truncated)...]
20:50:32.886 [reactor-http-nio-3] DEBUG org.springframework.http.codec.json.Jackson2JsonDecoder - [34a0ef00] [0b4d29e3-1, L:/127.0.0.1:57325 - R:localhost/127.0.0.1:8080] Decoded [Flight{id=280, departure='Gadingrejo', destination='Ebebiyin', date=2028-03-22, departureTime=01:48, (truncated)...]
20:50:32.887 [reactor-http-nio-3] DEBUG org.springframework.http.codec.json.Jackson2JsonDecoder - [34a0ef00] [0b4d29e3-1, L:/127.0.0.1:57325 - R:localhost/127.0.0.1:8080] Decoded [Flight{id=389, departure='Hamburg', destination='Kuybyshevo', date=2012-10-22, departureTime=06:58:1 (truncated)...]
20:50:32.889 [reactor-http-nio-3] DEBUG org.springframework.http.codec.json.Jackson2JsonDecoder - [34a0ef00] [0b4d29e3-1, L:/127.0.0.1:57325 - R:localhost/127.0.0.1:8080] Decoded [Flight{id=1644, departure='Sibiti', destination='Arsenal', date=2026-04-22, departureTime=11:15, des (truncated)...]
20:50:32.889 [reactor-http-nio-3] DEBUG org.springframework.http.codec.json.Jackson2JsonDecoder - [34a0ef00] [0b4d29e3-1, L:/127.0.0.1:57325 - R:localhost/127.0.0.1:8080] Decoded [Flight{id=3839, departure='Pangpang', destination='Cherryville', date=2027-07-21, departureTime=11:1 (truncated)...]
20:50:32.890 [reactor-http-nio-3] DEBUG org.springframework.http.codec.json.Jackson2JsonDecoder - [34a0ef00] [0b4d29e3-1, L:/127.0.0.1:57325 - R:localhost/127.0.0.1:8080] Decoded [Flight{id=4583, departure='Paris', destination='Tarvasjoki', date=2020-08-21, departureTime=04:12, d (truncated)...]
20:50:32.890 [reactor-http-nio-3] DEBUG org.springframework.http.codec.json.Jackson2JsonDecoder - [34a0ef00] [0b4d29e3-1, L:/127.0.0.1:57325 - R:localhost/127.0.0.1:8080] Decoded [Flight{id=5457, departure='Carapelhos', destination='Santa Marcela', date=2021-08-22, departureTime= (truncated)...]
20:50:32.891 [reactor-http-nio-3] DEBUG org.springframework.http.codec.json.Jackson2JsonDecoder - [34a0ef00] [0b4d29e3-1, L:/127.0.0.1:57325 - R:localhost/127.0.0.1:8080] Decoded [Flight{id=8972, departure='Bugembe', destination='Goiana', date=2006-06-22, departureTime=08:42:58,  (truncated)...]
20:50:32.891 [reactor-http-nio-3] DEBUG org.springframework.http.codec.json.Jackson2JsonDecoder - [34a0ef00] [0b4d29e3-1, L:/127.0.0.1:57325 - R:localhost/127.0.0.1:8080] Decoded [Flight{id=12221, departure='Munich', destination='Voronezh', date=2022-08-16, departureTime=12:00, d (truncated)...]
20:50:32.892 [reactor-http-nio-3] DEBUG org.springframework.http.codec.json.Jackson2JsonDecoder - [34a0ef00] [0b4d29e3-1, L:/127.0.0.1:57325 - R:localhost/127.0.0.1:8080] Decoded [Flight{id=18485, departure='Xinghai', destination='Virden', date=2006-10-21, departureTime=05:54, de (truncated)...]
20:50:32.892 [reactor-http-nio-3] DEBUG org.springframework.http.codec.json.Jackson2JsonDecoder - [34a0ef00] [0b4d29e3-1, L:/127.0.0.1:57325 - R:localhost/127.0.0.1:8080] Decoded [Flight{id=23909, departure='Bijia', destination='Keffin Hausa', date=2003-09-21, departureTime=11:29 (truncated)...]
20:50:32.892 [reactor-http-nio-3] DEBUG org.springframework.http.codec.json.Jackson2JsonDecoder - [34a0ef00] [0b4d29e3-1, L:/127.0.0.1:57325 - R:localhost/127.0.0.1:8080] Decoded [Flight{id=38070, departure='Arue', destination='Bejing', date=2028-05-22, departureTime=06:04, desti (truncated)...]
20:50:32.893 [reactor-http-nio-3] DEBUG org.springframework.http.codec.json.Jackson2JsonDecoder - [34a0ef00] [0b4d29e3-1, L:/127.0.0.1:57325 - R:localhost/127.0.0.1:8080] Decoded [Flight{id=39565, departure='Zhaxirabdain', destination='Shunde', date=2028-12-21, departureTime=06:0 (truncated)...]
20:50:32.893 [reactor-http-nio-3] DEBUG org.springframework.http.codec.json.Jackson2JsonDecoder - [34a0ef00] [0b4d29e3-1, L:/127.0.0.1:57325 - R:localhost/127.0.0.1:8080] Decoded [Flight{id=47206, departure='Fukushima', destination='Gamovo', date=2018-04-22, departureTime=06:18,  (truncated)...]
20:50:32.894 [reactor-http-nio-3] DEBUG org.springframework.http.codec.json.Jackson2JsonDecoder - [34a0ef00] [0b4d29e3-1, L:/127.0.0.1:57325 - R:localhost/127.0.0.1:8080] Decoded [Flight{id=49822, departure='Almati', destination='Madang', date=2022-01-22, departureTime=09:41:22,  (truncated)...]
20:50:32.894 [reactor-http-nio-3] DEBUG org.springframework.http.codec.json.Jackson2JsonDecoder - [34a0ef00] [0b4d29e3-1, L:/127.0.0.1:57325 - R:localhost/127.0.0.1:8080] Decoded [Flight{id=68893, departure='Berlin', destination='Delft', date=2022-04-22, departureTime=01:10, dest (truncated)...]
20:50:32.894 [reactor-http-nio-3] DEBUG org.springframework.http.codec.json.Jackson2JsonDecoder - [34a0ef00] [0b4d29e3-1, L:/127.0.0.1:57325 - R:localhost/127.0.0.1:8080] Decoded [Flight{id=98997, departure='Dengtang', destination='Madrid', date=2021-08-22, departureTime=09:54, d (truncated)...]
20:50:32.895 [reactor-http-nio-3] DEBUG reactor.netty.http.client.HttpClientOperations - [0b4d29e3-1, L:/127.0.0.1:57325 - R:localhost/127.0.0.1:8080] Received last HTTP packet
20:50:32.895 [reactor-http-nio-3] DEBUG reactor.netty.resources.DefaultPooledConnectionProvider - [0b4d29e3, L:/127.0.0.1:57325 - R:localhost/127.0.0.1:8080] onStateChange(GET{uri=/flight, connection=PooledConnection{channel=[id: 0x0b4d29e3, L:/127.0.0.1:57325 - R:localhost/127.0.0.1:8080]}}, [response_completed])
20:50:32.895 [reactor-http-nio-3] DEBUG reactor.netty.resources.DefaultPooledConnectionProvider - [0b4d29e3, L:/127.0.0.1:57325 - R:localhost/127.0.0.1:8080] onStateChange(GET{uri=/flight, connection=PooledConnection{channel=[id: 0x0b4d29e3, L:/127.0.0.1:57325 - R:localhost/127.0.0.1:8080]}}, [disconnecting])
20:50:32.895 [reactor-http-nio-3] DEBUG reactor.netty.resources.DefaultPooledConnectionProvider - [0b4d29e3, L:/127.0.0.1:57325 - R:localhost/127.0.0.1:8080] Releasing channel
20:50:32.895 [reactor-http-nio-3] DEBUG reactor.netty.resources.PooledConnectionProvider - [0b4d29e3, L:/127.0.0.1:57325 - R:localhost/127.0.0.1:8080] Channel cleaned, now: 0 active connections, 2 inactive connections and 0 pending acquire requests.
]]></system-out>
  <system-err><![CDATA[]]></system-err>
</testsuite>
